This file contains any messages produced by compilers while
running configure, to aid debugging if configure makes a mistake.

It was created by mfcuk configure 0.3.8, which was
generated by GNU Autoconf 2.72.  Invocation command line was

  $ ./configure

## --------- ##
## Platform. ##
## --------- ##

hostname = archlinux
uname -m = x86_64
uname -r = 6.7.3-arch1-2
uname -s = Linux
uname -v = #1 SMP PREEMPT_DYNAMIC Fri, 02 Feb 2024 17:03:55 +0000

/usr/bin/uname -p = unknown
/bin/uname -X     = unknown

/bin/arch              = unknown
/usr/bin/arch -k       = unknown
/usr/convex/getsysinfo = unknown
/usr/bin/hostinfo      = unknown
/bin/machine           = unknown
/usr/bin/oslevel       = unknown
/bin/universe          = unknown

PATH: /home/mirax/.cargo/bin/
PATH: /usr/condabin/
PATH: /usr/local/sbin/
PATH: /usr/local/bin/
PATH: /usr/bin/
PATH: /var/lib/flatpak/exports/bin/
PATH: /usr/lib/jvm/default/bin/
PATH: /usr/bin/site_perl/
PATH: /usr/bin/vendor_perl/
PATH: /usr/bin/core_perl/


## ----------- ##
## Core tests. ##
## ----------- ##

configure:2491: looking for aux files: config.guess config.sub compile missing install-sh
configure:2504:  trying ./
configure:2533:   ./config.guess found
configure:2533:   ./config.sub found
configure:2533:   ./compile found
configure:2533:   ./missing found
configure:2515:   ./install-sh found
configure:2664: checking for a BSD-compatible install
configure:2738: result: /usr/bin/install -c
configure:2749: checking whether build environment is sane
configure:2804: result: yes
configure:2965: checking for a race-free mkdir -p
configure:3008: result: /usr/bin/mkdir -p
configure:3015: checking for gawk
configure:3036: found /usr/bin/gawk
configure:3048: result: gawk
configure:3059: checking whether make sets $(MAKE)
configure:3083: result: yes
configure:3113: checking whether make supports nested variables
configure:3132: result: yes
configure:3332: checking for gcc
configure:3353: found /usr/bin/gcc
configure:3365: result: gcc
configure:3724: checking for C compiler version
configure:3733: gcc --version >&5
gcc (GCC) 13.2.1 20230801
Copyright (C) 2023 Free Software Foundation, Inc.
This is free software; see the source for copying conditions.  There is NO
warranty; not even for MERCHANTABILITY or FITNESS FOR A PARTICULAR PURPOSE.

configure:3744: $? = 0
configure:3733: gcc -v >&5
Using built-in specs.
COLLECT_GCC=gcc
COLLECT_LTO_WRAPPER=/usr/lib/gcc/x86_64-pc-linux-gnu/13.2.1/lto-wrapper
Target: x86_64-pc-linux-gnu
Configured with: /build/gcc/src/gcc/configure --enable-languages=ada,c,c++,d,fortran,go,lto,m2,objc,obj-c++ --enable-bootstrap --prefix=/usr --libdir=/usr/lib --libexecdir=/usr/lib --mandir=/usr/share/man --infodir=/usr/share/info --with-bugurl=https://bugs.archlinux.org/ --with-build-config=bootstrap-lto --with-linker-hash-style=gnu --with-system-zlib --enable-__cxa_atexit --enable-cet=auto --enable-checking=release --enable-clocale=gnu --enable-default-pie --enable-default-ssp --enable-gnu-indirect-function --enable-gnu-unique-object --enable-libstdcxx-backtrace --enable-link-serialization=1 --enable-linker-build-id --enable-lto --enable-multilib --enable-plugin --enable-shared --enable-threads=posix --disable-libssp --disable-libstdcxx-pch --disable-werror
Thread model: posix
Supported LTO compression algorithms: zlib zstd
gcc version 13.2.1 20230801 (GCC) 
configure:3744: $? = 0
configure:3733: gcc -V >&5
gcc: error: unrecognized command-line option '-V'
gcc: fatal error: no input files
compilation terminated.
configure:3744: $? = 1
configure:3733: gcc -qversion >&5
gcc: error: unrecognized command-line option '-qversion'; did you mean '--version'?
gcc: fatal error: no input files
compilation terminated.
configure:3744: $? = 1
configure:3733: gcc -version >&5
gcc: error: unrecognized command-line option '-version'
gcc: fatal error: no input files
compilation terminated.
configure:3744: $? = 1
configure:3764: checking whether the C compiler works
configure:3786: gcc    conftest.c  >&5
configure:3790: $? = 0
configure:3841: result: yes
configure:3845: checking for C compiler default output file name
configure:3847: result: a.out
configure:3853: checking for suffix of executables
configure:3860: gcc -o conftest    conftest.c  >&5
configure:3864: $? = 0
configure:3888: result: 
configure:3912: checking whether we are cross compiling
configure:3920: gcc -o conftest    conftest.c  >&5
configure:3924: $? = 0
configure:3931: ./conftest
configure:3935: $? = 0
configure:3950: result: no
configure:3956: checking for suffix of object files
configure:3979: gcc -c   conftest.c >&5
configure:3983: $? = 0
configure:4007: result: o
configure:4011: checking whether the compiler supports GNU C
configure:4031: gcc -c   conftest.c >&5
configure:4031: $? = 0
configure:4043: result: yes
configure:4054: checking whether gcc accepts -g
configure:4075: gcc -c -g  conftest.c >&5
configure:4075: $? = 0
configure:4122: result: yes
configure:4142: checking for gcc option to enable C11 features
configure:4157: gcc  -c -g -O2  conftest.c >&5
configure:4157: $? = 0
configure:4176: result: none needed
configure:4300: checking whether gcc understands -c and -o together
configure:4323: gcc -c conftest.c -o conftest2.o
configure:4326: $? = 0
configure:4323: gcc -c conftest.c -o conftest2.o
configure:4326: $? = 0
configure:4339: result: yes
configure:4359: checking whether make supports the include directive
configure:4374: make -f confmf.GNU && cat confinc.out
this is the am__doit target
configure:4377: $? = 0
configure:4396: result: yes (GNU style)
configure:4422: checking dependency style of gcc
configure:4535: result: gcc3
configure:4566: checking whether make supports nested variables
configure:4585: result: yes
configure:4659: checking for pkg-config
configure:4682: found /usr/bin/pkg-config
configure:4695: result: /usr/bin/pkg-config
configure:4720: checking pkg-config is at least version 0.9.0
configure:4723: result: yes
configure:4733: checking for libnfc >= 1.7.0
configure:4740: $PKG_CONFIG --exists --print-errors "libnfc >= $LIBNFC_REQUIRED_VERSION"
configure:4743: $? = 0
configure:4757: $PKG_CONFIG --exists --print-errors "libnfc >= $LIBNFC_REQUIRED_VERSION"
configure:4760: $? = 0
configure:4798: result: yes
configure:4808: checking for inline
configure:4825: gcc -c -g -O2  conftest.c >&5
configure:4825: $? = 0
configure:4835: result: inline
configure:4857: checking for stdio.h
configure:4857: gcc -c -g -O2  conftest.c >&5
configure:4857: $? = 0
configure:4857: result: yes
configure:4857: checking for stdlib.h
configure:4857: gcc -c -g -O2  conftest.c >&5
configure:4857: $? = 0
configure:4857: result: yes
configure:4857: checking for string.h
configure:4857: gcc -c -g -O2  conftest.c >&5
configure:4857: $? = 0
configure:4857: result: yes
configure:4857: checking for inttypes.h
configure:4857: gcc -c -g -O2  conftest.c >&5
configure:4857: $? = 0
configure:4857: result: yes
configure:4857: checking for stdint.h
configure:4857: gcc -c -g -O2  conftest.c >&5
configure:4857: $? = 0
configure:4857: result: yes
configure:4857: checking for strings.h
configure:4857: gcc -c -g -O2  conftest.c >&5
configure:4857: $? = 0
configure:4857: result: yes
configure:4857: checking for sys/stat.h
configure:4857: gcc -c -g -O2  conftest.c >&5
configure:4857: $? = 0
configure:4857: result: yes
configure:4857: checking for sys/types.h
configure:4857: gcc -c -g -O2  conftest.c >&5
configure:4857: $? = 0
configure:4857: result: yes
configure:4857: checking for unistd.h
configure:4857: gcc -c -g -O2  conftest.c >&5
configure:4857: $? = 0
configure:4857: result: yes
configure:4882: checking for _Bool
configure:4882: gcc -c -g -O2  conftest.c >&5
configure:4882: $? = 0
configure:4882: gcc -c -g -O2  conftest.c >&5
conftest.c: In function 'main':
conftest.c:52:20: error: expected expression before ')' token
   52 | if (sizeof ((_Bool)))
      |                    ^
configure:4882: $? = 1
configure: failed program was:
| /* confdefs.h */
| #define PACKAGE_NAME "mfcuk"
| #define PACKAGE_TARNAME "mfcuk"
| #define PACKAGE_VERSION "0.3.8"
| #define PACKAGE_STRING "mfcuk 0.3.8"
| #define PACKAGE_BUGREPORT "zveriu@gmail.com"
| #define PACKAGE_URL ""
| #define PACKAGE "mfcuk"
| #define VERSION "0.3.8"
| #define HAVE_STDIO_H 1
| #define HAVE_STDLIB_H 1
| #define HAVE_STRING_H 1
| #define HAVE_INTTYPES_H 1
| #define HAVE_STDINT_H 1
| #define HAVE_STRINGS_H 1
| #define HAVE_SYS_STAT_H 1
| #define HAVE_SYS_TYPES_H 1
| #define HAVE_UNISTD_H 1
| #define STDC_HEADERS 1
| /* end confdefs.h.  */
| #include <stddef.h>
| #ifdef HAVE_STDIO_H
| # include <stdio.h>
| #endif
| #ifdef HAVE_STDLIB_H
| # include <stdlib.h>
| #endif
| #ifdef HAVE_STRING_H
| # include <string.h>
| #endif
| #ifdef HAVE_INTTYPES_H
| # include <inttypes.h>
| #endif
| #ifdef HAVE_STDINT_H
| # include <stdint.h>
| #endif
| #ifdef HAVE_STRINGS_H
| # include <strings.h>
| #endif
| #ifdef HAVE_SYS_TYPES_H
| # include <sys/types.h>
| #endif
| #ifdef HAVE_SYS_STAT_H
| # include <sys/stat.h>
| #endif
| #ifdef HAVE_UNISTD_H
| # include <unistd.h>
| #endif
| int
| main (void)
| {
| if (sizeof ((_Bool)))
| 	    return 0;
|   ;
|   return 0;
| }
configure:4882: result: yes
configure:4891: checking for stdbool.h that conforms to C99 or later
configure:4966: gcc -c -g -O2  conftest.c >&5
configure:4966: $? = 0
configure:4976: result: yes
configure:4985: checking for size_t
configure:4985: gcc -c -g -O2  conftest.c >&5
configure:4985: $? = 0
configure:4985: gcc -c -g -O2  conftest.c >&5
conftest.c: In function 'main':
conftest.c:54:21: error: expected expression before ')' token
   54 | if (sizeof ((size_t)))
      |                     ^
configure:4985: $? = 1
configure: failed program was:
| /* confdefs.h */
| #define PACKAGE_NAME "mfcuk"
| #define PACKAGE_TARNAME "mfcuk"
| #define PACKAGE_VERSION "0.3.8"
| #define PACKAGE_STRING "mfcuk 0.3.8"
| #define PACKAGE_BUGREPORT "zveriu@gmail.com"
| #define PACKAGE_URL ""
| #define PACKAGE "mfcuk"
| #define VERSION "0.3.8"
| #define HAVE_STDIO_H 1
| #define HAVE_STDLIB_H 1
| #define HAVE_STRING_H 1
| #define HAVE_INTTYPES_H 1
| #define HAVE_STDINT_H 1
| #define HAVE_STRINGS_H 1
| #define HAVE_SYS_STAT_H 1
| #define HAVE_SYS_TYPES_H 1
| #define HAVE_UNISTD_H 1
| #define STDC_HEADERS 1
| #define HAVE__BOOL 1
| #define HAVE_STDBOOL_H 1
| /* end confdefs.h.  */
| #include <stddef.h>
| #ifdef HAVE_STDIO_H
| # include <stdio.h>
| #endif
| #ifdef HAVE_STDLIB_H
| # include <stdlib.h>
| #endif
| #ifdef HAVE_STRING_H
| # include <string.h>
| #endif
| #ifdef HAVE_INTTYPES_H
| # include <inttypes.h>
| #endif
| #ifdef HAVE_STDINT_H
| # include <stdint.h>
| #endif
| #ifdef HAVE_STRINGS_H
| # include <strings.h>
| #endif
| #ifdef HAVE_SYS_TYPES_H
| # include <sys/types.h>
| #endif
| #ifdef HAVE_SYS_STAT_H
| # include <sys/stat.h>
| #endif
| #ifdef HAVE_UNISTD_H
| # include <unistd.h>
| #endif
| int
| main (void)
| {
| if (sizeof ((size_t)))
| 	    return 0;
|   ;
|   return 0;
| }
configure:4985: result: yes
configure:4996: checking for uint16_t
configure:4996: gcc -c -g -O2  conftest.c >&5
configure:4996: $? = 0
configure:4996: result: yes
configure:5006: checking for uint32_t
configure:5006: gcc -c -g -O2  conftest.c >&5
configure:5006: $? = 0
configure:5006: result: yes
configure:5018: checking for uint64_t
configure:5018: gcc -c -g -O2  conftest.c >&5
configure:5018: $? = 0
configure:5018: result: yes
configure:5030: checking for uint8_t
configure:5030: gcc -c -g -O2  conftest.c >&5
configure:5030: $? = 0
configure:5030: result: yes
configure:5050: checking build system type
configure:5066: result: x86_64-pc-linux-gnu
configure:5086: checking host system type
configure:5101: result: x86_64-pc-linux-gnu
configure:5121: checking for GNU libc compatible malloc
configure:5153: gcc -o conftest -g -O2   conftest.c  >&5
configure:5153: $? = 0
configure:5153: ./conftest
configure:5153: $? = 0
configure:5167: result: yes
configure:5190: checking for GNU libc compatible realloc
configure:5222: gcc -o conftest -g -O2   conftest.c  >&5
configure:5222: $? = 0
configure:5222: ./conftest
configure:5222: $? = 0
configure:5236: result: yes
configure:5260: checking for memset
configure:5260: gcc -o conftest -g -O2   conftest.c  >&5
conftest.c:41:6: warning: conflicting types for built-in function 'memset'; expected 'void *(void *, int,  long unsigned int)' [-Wbuiltin-declaration-mismatch]
   41 | char memset (void);
      |      ^~~~~~
conftest.c:33:1: note: 'memset' is declared in header '<string.h>'
   32 | #include <limits.h>
   33 | #undef memset
configure:5260: $? = 0
configure:5260: result: yes
configure:5266: checking for strchr
configure:5266: gcc -o conftest -g -O2   conftest.c  >&5
conftest.c:42:6: warning: conflicting types for built-in function 'strchr'; expected 'char *(const char *, int)' [-Wbuiltin-declaration-mismatch]
   42 | char strchr (void);
      |      ^~~~~~
conftest.c:34:1: note: 'strchr' is declared in header '<string.h>'
   33 | #include <limits.h>
   34 | #undef strchr
configure:5266: $? = 0
configure:5266: result: yes
configure:5272: checking for strtoul
configure:5272: gcc -o conftest -g -O2   conftest.c  >&5
configure:5272: $? = 0
configure:5272: result: yes
configure:5281: checking for endian.h
configure:5281: gcc -c -g -O2  conftest.c >&5
configure:5281: $? = 0
configure:5281: result: yes
configure:5287: checking for sys/endian.h
configure:5287: gcc -c -g -O2  conftest.c >&5
conftest.c:57:10: fatal error: sys/endian.h: No such file or directory
   57 | #include <sys/endian.h>
      |          ^~~~~~~~~~~~~~
compilation terminated.
configure:5287: $? = 1
configure: failed program was:
| /* confdefs.h */
| #define PACKAGE_NAME "mfcuk"
| #define PACKAGE_TARNAME "mfcuk"
| #define PACKAGE_VERSION "0.3.8"
| #define PACKAGE_STRING "mfcuk 0.3.8"
| #define PACKAGE_BUGREPORT "zveriu@gmail.com"
| #define PACKAGE_URL ""
| #define PACKAGE "mfcuk"
| #define VERSION "0.3.8"
| #define HAVE_STDIO_H 1
| #define HAVE_STDLIB_H 1
| #define HAVE_STRING_H 1
| #define HAVE_INTTYPES_H 1
| #define HAVE_STDINT_H 1
| #define HAVE_STRINGS_H 1
| #define HAVE_SYS_STAT_H 1
| #define HAVE_SYS_TYPES_H 1
| #define HAVE_UNISTD_H 1
| #define STDC_HEADERS 1
| #define HAVE__BOOL 1
| #define HAVE_STDBOOL_H 1
| #define HAVE_MALLOC 1
| #define HAVE_REALLOC 1
| #define HAVE_MEMSET 1
| #define HAVE_STRCHR 1
| #define HAVE_STRTOUL 1
| #define HAVE_ENDIAN_H 1
| /* end confdefs.h.  */
| #include <stddef.h>
| #ifdef HAVE_STDIO_H
| # include <stdio.h>
| #endif
| #ifdef HAVE_STDLIB_H
| # include <stdlib.h>
| #endif
| #ifdef HAVE_STRING_H
| # include <string.h>
| #endif
| #ifdef HAVE_INTTYPES_H
| # include <inttypes.h>
| #endif
| #ifdef HAVE_STDINT_H
| # include <stdint.h>
| #endif
| #ifdef HAVE_STRINGS_H
| # include <strings.h>
| #endif
| #ifdef HAVE_SYS_TYPES_H
| # include <sys/types.h>
| #endif
| #ifdef HAVE_SYS_STAT_H
| # include <sys/stat.h>
| #endif
| #ifdef HAVE_UNISTD_H
| # include <unistd.h>
| #endif
| #include <sys/endian.h>
configure:5287: result: no
configure:5293: checking for CoreFoundation/CoreFoundation.h
configure:5293: gcc -c -g -O2  conftest.c >&5
conftest.c:57:10: fatal error: CoreFoundation/CoreFoundation.h: No such file or directory
   57 | #include <CoreFoundation/CoreFoundation.h>
      |          ^~~~~~~~~~~~~~~~~~~~~~~~~~~~~~~~~
compilation terminated.
configure:5293: $? = 1
configure: failed program was:
| /* confdefs.h */
| #define PACKAGE_NAME "mfcuk"
| #define PACKAGE_TARNAME "mfcuk"
| #define PACKAGE_VERSION "0.3.8"
| #define PACKAGE_STRING "mfcuk 0.3.8"
| #define PACKAGE_BUGREPORT "zveriu@gmail.com"
| #define PACKAGE_URL ""
| #define PACKAGE "mfcuk"
| #define VERSION "0.3.8"
| #define HAVE_STDIO_H 1
| #define HAVE_STDLIB_H 1
| #define HAVE_STRING_H 1
| #define HAVE_INTTYPES_H 1
| #define HAVE_STDINT_H 1
| #define HAVE_STRINGS_H 1
| #define HAVE_SYS_STAT_H 1
| #define HAVE_SYS_TYPES_H 1
| #define HAVE_UNISTD_H 1
| #define STDC_HEADERS 1
| #define HAVE__BOOL 1
| #define HAVE_STDBOOL_H 1
| #define HAVE_MALLOC 1
| #define HAVE_REALLOC 1
| #define HAVE_MEMSET 1
| #define HAVE_STRCHR 1
| #define HAVE_STRTOUL 1
| #define HAVE_ENDIAN_H 1
| /* end confdefs.h.  */
| #include <stddef.h>
| #ifdef HAVE_STDIO_H
| # include <stdio.h>
| #endif
| #ifdef HAVE_STDLIB_H
| # include <stdlib.h>
| #endif
| #ifdef HAVE_STRING_H
| # include <string.h>
| #endif
| #ifdef HAVE_INTTYPES_H
| # include <inttypes.h>
| #endif
| #ifdef HAVE_STDINT_H
| # include <stdint.h>
| #endif
| #ifdef HAVE_STRINGS_H
| # include <strings.h>
| #endif
| #ifdef HAVE_SYS_TYPES_H
| # include <sys/types.h>
| #endif
| #ifdef HAVE_SYS_STAT_H
| # include <sys/stat.h>
| #endif
| #ifdef HAVE_UNISTD_H
| # include <unistd.h>
| #endif
| #include <CoreFoundation/CoreFoundation.h>
configure:5293: result: no
configure:5304: checking for byteswap.h
configure:5304: gcc -c -g -O2  conftest.c >&5
configure:5304: $? = 0
configure:5304: result: yes
configure:5312: checking for unistd.h
configure:5312: result: yes
configure:5438: checking that generated files are newer than configure
configure:5444: result: done
configure:5471: creating ./config.status

## ---------------------- ##
## Running config.status. ##
## ---------------------- ##

This file was extended by mfcuk config.status 0.3.8, which was
generated by GNU Autoconf 2.72.  Invocation command line was

  CONFIG_FILES    = 
  CONFIG_HEADERS  = 
  CONFIG_LINKS    = 
  CONFIG_COMMANDS = 
  $ ./config.status 

on archlinux

config.status:877: creating Makefile
config.status:877: creating src/Makefile
config.status:877: creating config.h
config.status:1106: executing depfiles commands
config.status:1183: cd src       && sed -e '/# am--include-marker/d' Makefile         | make -f - am--depfiles
config.status:1188: $? = 0

## ---------------- ##
## Cache variables. ##
## ---------------- ##

ac_cv_build=x86_64-pc-linux-gnu
ac_cv_c_compiler_gnu=yes
ac_cv_c_inline=inline
ac_cv_c_uint16_t=yes
ac_cv_c_uint32_t=yes
ac_cv_c_uint64_t=yes
ac_cv_c_uint8_t=yes
ac_cv_env_CC_set=
ac_cv_env_CC_value=
ac_cv_env_CFLAGS_set=
ac_cv_env_CFLAGS_value=
ac_cv_env_CPPFLAGS_set=
ac_cv_env_CPPFLAGS_value=
ac_cv_env_LDFLAGS_set=
ac_cv_env_LDFLAGS_value=
ac_cv_env_LIBS_set=
ac_cv_env_LIBS_value=
ac_cv_env_PKG_CONFIG_LIBDIR_set=
ac_cv_env_PKG_CONFIG_LIBDIR_value=
ac_cv_env_PKG_CONFIG_PATH_set=
ac_cv_env_PKG_CONFIG_PATH_value=
ac_cv_env_PKG_CONFIG_set=
ac_cv_env_PKG_CONFIG_value=
ac_cv_env_build_alias_set=
ac_cv_env_build_alias_value=
ac_cv_env_host_alias_set=
ac_cv_env_host_alias_value=
ac_cv_env_libnfc_CFLAGS_set=
ac_cv_env_libnfc_CFLAGS_value=
ac_cv_env_libnfc_LIBS_set=
ac_cv_env_libnfc_LIBS_value=
ac_cv_env_target_alias_set=
ac_cv_env_target_alias_value=
ac_cv_func_malloc_0_nonnull=yes
ac_cv_func_memset=yes
ac_cv_func_realloc_0_nonnull=yes
ac_cv_func_strchr=yes
ac_cv_func_strtoul=yes
ac_cv_header_CoreFoundation_CoreFoundation_h=no
ac_cv_header_byteswap_h=yes
ac_cv_header_endian_h=yes
ac_cv_header_inttypes_h=yes
ac_cv_header_stdbool_h=yes
ac_cv_header_stdint_h=yes
ac_cv_header_stdio_h=yes
ac_cv_header_stdlib_h=yes
ac_cv_header_string_h=yes
ac_cv_header_strings_h=yes
ac_cv_header_sys_endian_h=no
ac_cv_header_sys_stat_h=yes
ac_cv_header_sys_types_h=yes
ac_cv_header_unistd_h=yes
ac_cv_host=x86_64-pc-linux-gnu
ac_cv_objext=o
ac_cv_path_ac_pt_PKG_CONFIG=/usr/bin/pkg-config
ac_cv_path_install='/usr/bin/install -c'
ac_cv_path_mkdir=/usr/bin/mkdir
ac_cv_prog_AWK=gawk
ac_cv_prog_ac_ct_CC=gcc
ac_cv_prog_cc_c11=
ac_cv_prog_cc_g=yes
ac_cv_prog_cc_stdc=
ac_cv_prog_make_make_set=yes
ac_cv_type__Bool=yes
ac_cv_type_size_t=yes
am_cv_CC_dependencies_compiler_type=gcc3
am_cv_make_support_nested_variables=yes
am_cv_prog_cc_c_o=yes
pkg_cv_libnfc_CFLAGS='-I/usr/include/PCSC -pthread -I/usr/include/libusb-1.0'
pkg_cv_libnfc_LIBS='-lnfc -lusb -lpcsclite'

## ----------------- ##
## Output variables. ##
## ----------------- ##

ACLOCAL='${SHELL} '\''/home/mirax/Github/mfcuk/missing'\'' aclocal-1.16'
AMDEPBACKSLASH='\'
AMDEP_FALSE='#'
AMDEP_TRUE=''
AMTAR='$${TAR-tar}'
AM_BACKSLASH='\'
AM_DEFAULT_V='$(AM_DEFAULT_VERBOSITY)'
AM_DEFAULT_VERBOSITY='0'
AM_V='$(V)'
AUTOCONF='${SHELL} '\''/home/mirax/Github/mfcuk/missing'\'' autoconf'
AUTOHEADER='${SHELL} '\''/home/mirax/Github/mfcuk/missing'\'' autoheader'
AUTOMAKE='${SHELL} '\''/home/mirax/Github/mfcuk/missing'\'' automake-1.16'
AWK='gawk'
CC='gcc'
CCDEPMODE='depmode=gcc3'
CFLAGS='-g -O2 -Wall -pedantic -Wextra -std=c99'
CPPFLAGS=''
CSCOPE='cscope'
CTAGS='ctags'
CYGPATH_W='echo'
DEFS='-DHAVE_CONFIG_H'
DEPDIR='.deps'
ECHO_C=''
ECHO_N='-n'
ECHO_T=''
ETAGS='etags'
EXEEXT=''
HAVE_UNISTD_FALSE='#'
HAVE_UNISTD_TRUE=''
INSTALL_DATA='${INSTALL} -m 644'
INSTALL_PROGRAM='${INSTALL}'
INSTALL_SCRIPT='${INSTALL}'
INSTALL_STRIP_PROGRAM='$(install_sh) -c -s'
LDFLAGS=''
LIBOBJS=''
LIBS=''
LTLIBOBJS=''
MAKEINFO='${SHELL} '\''/home/mirax/Github/mfcuk/missing'\'' makeinfo'
MKDIR_P='/usr/bin/mkdir -p'
OBJEXT='o'
PACKAGE='mfcuk'
PACKAGE_BUGREPORT='zveriu@gmail.com'
PACKAGE_NAME='mfcuk'
PACKAGE_STRING='mfcuk 0.3.8'
PACKAGE_TARNAME='mfcuk'
PACKAGE_URL=''
PACKAGE_VERSION='0.3.8'
PATH_SEPARATOR=':'
PKG_CONFIG='/usr/bin/pkg-config'
PKG_CONFIG_LIBDIR=''
PKG_CONFIG_PATH=''
PKG_CONFIG_REQUIRES='libnfc'
SET_MAKE=''
SHELL='/bin/sh'
STRIP=''
VERSION='0.3.8'
ac_ct_CC='gcc'
am__EXEEXT_FALSE=''
am__EXEEXT_TRUE='#'
am__fastdepCC_FALSE='#'
am__fastdepCC_TRUE=''
am__include='include'
am__isrc=''
am__leading_dot='.'
am__nodep='_no'
am__quote=''
am__tar='$${TAR-tar} chof - "$$tardir"'
am__untar='$${TAR-tar} xf -'
bindir='${exec_prefix}/bin'
build='x86_64-pc-linux-gnu'
build_alias=''
build_cpu='x86_64'
build_os='linux-gnu'
build_vendor='pc'
datadir='${datarootdir}'
datarootdir='${prefix}/share'
docdir='${datarootdir}/doc/${PACKAGE_TARNAME}'
dvidir='${docdir}'
exec_prefix='${prefix}'
host='x86_64-pc-linux-gnu'
host_alias=''
host_cpu='x86_64'
host_os='linux-gnu'
host_vendor='pc'
htmldir='${docdir}'
includedir='${prefix}/include'
infodir='${datarootdir}/info'
install_sh='${SHELL} /home/mirax/Github/mfcuk/install-sh'
libdir='${exec_prefix}/lib'
libexecdir='${exec_prefix}/libexec'
libnfc_CFLAGS='-I/usr/include/PCSC -pthread -I/usr/include/libusb-1.0'
libnfc_LIBS='-lnfc -lusb -lpcsclite'
localedir='${datarootdir}/locale'
localstatedir='${prefix}/var'
mandir='${datarootdir}/man'
mkdir_p='$(MKDIR_P)'
oldincludedir='/usr/include'
pdfdir='${docdir}'
prefix='/usr/local'
program_transform_name='s,x,x,'
psdir='${docdir}'
runstatedir='${localstatedir}/run'
sbindir='${exec_prefix}/sbin'
sharedstatedir='${prefix}/com'
sysconfdir='${prefix}/etc'
target_alias=''

## ----------- ##
## confdefs.h. ##
## ----------- ##

/* confdefs.h */
#define PACKAGE_NAME "mfcuk"
#define PACKAGE_TARNAME "mfcuk"
#define PACKAGE_VERSION "0.3.8"
#define PACKAGE_STRING "mfcuk 0.3.8"
#define PACKAGE_BUGREPORT "zveriu@gmail.com"
#define PACKAGE_URL ""
#define PACKAGE "mfcuk"
#define VERSION "0.3.8"
#define HAVE_STDIO_H 1
#define HAVE_STDLIB_H 1
#define HAVE_STRING_H 1
#define HAVE_INTTYPES_H 1
#define HAVE_STDINT_H 1
#define HAVE_STRINGS_H 1
#define HAVE_SYS_STAT_H 1
#define HAVE_SYS_TYPES_H 1
#define HAVE_UNISTD_H 1
#define STDC_HEADERS 1
#define HAVE__BOOL 1
#define HAVE_STDBOOL_H 1
#define HAVE_MALLOC 1
#define HAVE_REALLOC 1
#define HAVE_MEMSET 1
#define HAVE_STRCHR 1
#define HAVE_STRTOUL 1
#define HAVE_ENDIAN_H 1
#define HAVE_BYTESWAP_H 1
#define HAVE_UNISTD_H 1
#define _XOPEN_SOURCE 600

configure: exit 0
